
--- NEW REQUEST 2026-01-31T14:46:14.810Z ---
Fetching quote ID: cml2ee0wx0000vagosolze414
Quote found, generating PDF...
PDF generated, size: 4666

--- NEW REQUEST 2026-01-31T15:02:37.570Z ---
Fetching quote ID: cml2fy1u70001vagoavqacuxk
Quote found, generating PDF...
PDF generated, size: 4667

--- NEW REQUEST 2026-01-31T15:04:43.694Z ---
Fetching quote ID: cml2g0qp30002vago7f21c3hq
Quote found, generating PDF...
PDF generated, size: 4678

--- NEW REQUEST 2026-02-01T00:01:21.669Z ---

--- NEW REQUEST 2026-02-01T00:01:21.673Z ---
Fetching quote ID: cml2g0qp30002vago7f21c3hq
Fetching quote ID: cml2fy1u70001vagoavqacuxk
Quote found, generating PDF...
Quote found, generating PDF...
PDF generated, size: 4678
PDF generated, size: 4667
